$ next dev --turbopack
   ▲ Next.js 15.5.3 (Turbopack)
   - Local:        http://localhost:3000
   - Network:      http://169.254.0.21:3000

 ✓ Starting...
Attention: Next.js now collects completely anonymous telemetry regarding usage.
This information is used to shape Next.js' roadmap and prioritize features.
You can learn more, including how to opt-out if you'd not like to participate in this anonymous program, by visiting the following URL:
https://nextjs.org/telemetry

 ✓ Ready in 1606ms
 ○ Compiling / ...
 ✓ Compiled / in 5.2s
 GET / 200 in 5890ms
 ⚠ Cross origin request detected from quiet-vans-peel.lindy.site to /_next/* resource. In a future major version of Next.js, you will need to explicitly configure "allowedDevOrigins" in next.config to allow this.
Read more: https://nextjs.org/docs/app/api-reference/config/next-config-js/allowedDevOrigins
 ✓ Compiled /favicon.ico in 343ms
 GET /favicon.ico?favicon.bf3c9292.ico 200 in 669ms
 GET / 200 in 202ms
 GET / 200 in 102ms
 ✓ Compiled in 281ms
 GET / 200 in 150ms
 GET / 200 in 366ms
 GET /favicon.ico?favicon.bf3c9292.ico 200 in 270ms
 GET / 200 in 183ms
 ✓ Compiled in 359ms
 ✓ Compiled in 402ms
 ✓ Compiled /_not-found/page in 395ms
 GET /about 404 in 535ms
 GET /about 404 in 130ms
 ✓ Compiled in 325ms
 GET / 200 in 345ms
 GET /about 404 in 233ms
 GET /about 404 in 276ms
 ✓ Compiled in 278ms
 GET / 200 in 270ms
 GET / 200 in 110ms
 ○ Compiling /about ...
 ✓ Compiled /about in 619ms
 GET /about 200 in 724ms
 GET /about 200 in 418ms
 ✓ Compiled in 298ms
 GET / 200 in 218ms
 GET /about 200 in 130ms
 GET / 200 in 102ms
 GET /about 200 in 96ms
 GET /portfolio 404 in 130ms
 GET /portfolio 404 in 286ms
 ○ Compiling /services ...
 ✓ Compiled /services in 570ms
 GET /services 200 in 866ms
 GET /services 200 in 222ms
 GET / 200 in 104ms
 ✓ Compiled in 303ms
 GET / 200 in 294ms
 GET /services 200 in 252ms
 GET / 200 in 251ms
 GET / 200 in 92ms
 GET / 200 in 92ms
 GET /services 200 in 94ms
 GET / 200 in 420ms
 GET /favicon.ico?favicon.bf3c9292.ico 200 in 318ms
 GET / 200 in 143ms
 GET /favicon.ico?favicon.bf3c9292.ico 200 in 263ms
 GET / 200 in 155ms
 GET /services 200 in 93ms
 ○ Compiling /contact ...
 ✓ Compiled /contact in 623ms
 GET /contact 200 in 727ms
 GET /contact 200 in 105ms
 GET /contact 200 in 100ms
 ✓ Compiled /portfolio in 419ms
 ⨯ ./app/portfolio/page.tsx:170:111
Parsing ecmascript source code failed
[0m [90m 168 |[39m                       [33m<[39m[33mdiv[39m[33m>[39m
 [90m 169 |[39m                         [33m<[39m[33mh4[39m className[33m=[39m[32m"font-semibold text-white"[39m[33m>[39m[33mPerformance[39m[33m<[39m[33m/[39m[33mh4[39m[33m>[39m
[31m[1m>[22m[39m[90m 170 |[39m                         [33m<[39m[33mp[39m className[33m=[39m[32m"text-gray-400 text-sm"[39m[33m>[39m[33mScore[39m [33mLighthouse[39m[33m:[39m [35m98[39m[33m/[39m[35m100[39m[33m,[39m [33mTemps[39m de chargement [33m<[39m [35m1[39ms[33m<[39m[33m/[39m[33mp[39m[33m>[39m
 [90m     |[39m                                                                                                               [31m[1m^[22m[39m
 [90m 171 |[39m                       [33m<[39m[33m/[39m[33mdiv[39m[33m>[39m
 [90m 172 |[39m                     [33m<[39m[33m/[39m[33mdiv[39m[33m>[39m
 [90m 173 |[39m                     [33m<[39m[33mdiv[39m className[33m=[39m[32m"flex items-start gap-3"[39m[33m>[39m[0m

Expected '</', got 's'


 ○ Compiling /_error ...
 ✓ Compiled /_error in 2.3s
 GET /portfolio 500 in 3013ms
 ⨯ ./app/portfolio/page.tsx:170:111
Parsing ecmascript source code failed
[0m [90m 168 |[39m                       [33m<[39m[33mdiv[39m[33m>[39m
 [90m 169 |[39m                         [33m<[39m[33mh4[39m className[33m=[39m[32m"font-semibold text-white"[39m[33m>[39m[33mPerformance[39m[33m<[39m[33m/[39m[33mh4[39m[33m>[39m
[31m[1m>[22m[39m[90m 170 |[39m                         [33m<[39m[33mp[39m className[33m=[39m[32m"text-gray-400 text-sm"[39m[33m>[39m[33mScore[39m [33mLighthouse[39m[33m:[39m [35m98[39m[33m/[39m[35m100[39m[33m,[39m [33mTemps[39m de chargement [33m<[39m [35m1[39ms[33m<[39m[33m/[39m[33mp[39m[33m>[39m
 [90m     |[39m                                                                                                               [31m[1m^[22m[39m
 [90m 171 |[39m                       [33m<[39m[33m/[39m[33mdiv[39m[33m>[39m
 [90m 172 |[39m                     [33m<[39m[33m/[39m[33mdiv[39m[33m>[39m
 [90m 173 |[39m                     [33m<[39m[33mdiv[39m className[33m=[39m[32m"flex items-start gap-3"[39m[33m>[39m[0m

Expected '</', got 's'


 GET /portfolio 500 in 121ms
 GET /favicon.ico 500 in 59ms
 GET /contact 200 in 196ms
 GET /about 200 in 124ms
 ⨯ ./app/portfolio/page.tsx:170:111
Parsing ecmascript source code failed
[0m [90m 168 |[39m                       [33m<[39m[33mdiv[39m[33m>[39m
 [90m 169 |[39m                         [33m<[39m[33mh4[39m className[33m=[39m[32m"font-semibold text-white"[39m[33m>[39m[33mPerformance[39m[33m<[39m[33m/[39m[33mh4[39m[33m>[39m
[31m[1m>[22m[39m[90m 170 |[39m                         [33m<[39m[33mp[39m className[33m=[39m[32m"text-gray-400 text-sm"[39m[33m>[39m[33mScore[39m [33mLighthouse[39m[33m:[39m [35m98[39m[33m/[39m[35m100[39m[33m,[39m [33mTemps[39m de chargement [33m<[39m [35m1[39ms[33m<[39m[33m/[39m[33mp[39m[33m>[39m
 [90m     |[39m                                                                                                               [31m[1m^[22m[39m
 [90m 171 |[39m                       [33m<[39m[33m/[39m[33mdiv[39m[33m>[39m
 [90m 172 |[39m                     [33m<[39m[33m/[39m[33mdiv[39m[33m>[39m
 [90m 173 |[39m                     [33m<[39m[33mdiv[39m className[33m=[39m[32m"flex items-start gap-3"[39m[33m>[39m[0m

Expected '</', got 's'


 GET /portfolio 500 in 107ms
 ⨯ ./app/portfolio/page.tsx:170:111
Parsing ecmascript source code failed
[0m [90m 168 |[39m                       [33m<[39m[33mdiv[39m[33m>[39m
 [90m 169 |[39m                         [33m<[39m[33mh4[39m className[33m=[39m[32m"font-semibold text-white"[39m[33m>[39m[33mPerformance[39m[33m<[39m[33m/[39m[33mh4[39m[33m>[39m
[31m[1m>[22m[39m[90m 170 |[39m                         [33m<[39m[33mp[39m className[33m=[39m[32m"text-gray-400 text-sm"[39m[33m>[39m[33mScore[39m [33mLighthouse[39m[33m:[39m [35m98[39m[33m/[39m[35m100[39m[33m,[39m [33mTemps[39m de chargement [33m<[39m [35m1[39ms[33m<[39m[33m/[39m[33mp[39m[33m>[39m
 [90m     |[39m                                                                                                               [31m[1m^[22m[39m
 [90m 171 |[39m                       [33m<[39m[33m/[39m[33mdiv[39m[33m>[39m
 [90m 172 |[39m                     [33m<[39m[33m/[39m[33mdiv[39m[33m>[39m
 [90m 173 |[39m                     [33m<[39m[33mdiv[39m className[33m=[39m[32m"flex items-start gap-3"[39m[33m>[39m[0m

Expected '</', got 's'


 GET /portfolio 500 in 209ms
 GET /favicon.ico 500 in 113ms
 GET /about 200 in 247ms
 GET /services 200 in 85ms
 GET / 200 in 109ms
 GET / 200 in 96ms
 GET / 200 in 91ms
 GET / 200 in 76ms
 ⨯ ./app/portfolio/page.tsx:170:111
Parsing ecmascript source code failed
[0m [90m 168 |[39m                       [33m<[39m[33mdiv[39m[33m>[39m
 [90m 169 |[39m                         [33m<[39m[33mh4[39m className[33m=[39m[32m"font-semibold text-white"[39m[33m>[39m[33mPerformance[39m[33m<[39m[33m/[39m[33mh4[39m[33m>[39m
[31m[1m>[22m[39m[90m 170 |[39m                         [33m<[39m[33mp[39m className[33m=[39m[32m"text-gray-400 text-sm"[39m[33m>[39m[33mScore[39m [33mLighthouse[39m[33m:[39m [35m98[39m[33m/[39m[35m100[39m[33m,[39m [33mTemps[39m de chargement [33m<[39m [35m1[39ms[33m<[39m[33m/[39m[33mp[39m[33m>[39m
 [90m     |[39m                                                                                                               [31m[1m^[22m[39m
 [90m 171 |[39m                       [33m<[39m[33m/[39m[33mdiv[39m[33m>[39m
 [90m 172 |[39m                     [33m<[39m[33m/[39m[33mdiv[39m[33m>[39m
 [90m 173 |[39m                     [33m<[39m[33mdiv[39m className[33m=[39m[32m"flex items-start gap-3"[39m[33m>[39m[0m

Expected '</', got 's'


 GET /portfolio 500 in 117ms
 ⨯ ./app/portfolio/page.tsx:170:111
Parsing ecmascript source code failed
[0m [90m 168 |[39m                       [33m<[39m[33mdiv[39m[33m>[39m
 [90m 169 |[39m                         [33m<[39m[33mh4[39m className[33m=[39m[32m"font-semibold text-white"[39m[33m>[39m[33mPerformance[39m[33m<[39m[33m/[39m[33mh4[39m[33m>[39m
[31m[1m>[22m[39m[90m 170 |[39m                         [33m<[39m[33mp[39m className[33m=[39m[32m"text-gray-400 text-sm"[39m[33m>[39m[33mScore[39m [33mLighthouse[39m[33m:[39m [35m98[39m[33m/[39m[35m100[39m[33m,[39m [33mTemps[39m de chargement [33m<[39m [35m1[39ms[33m<[39m[33m/[39m[33mp[39m[33m>[39m
 [90m     |[39m                                                                                                               [31m[1m^[22m[39m
 [90m 171 |[39m                       [33m<[39m[33m/[39m[33mdiv[39m[33m>[39m
 [90m 172 |[39m                     [33m<[39m[33m/[39m[33mdiv[39m[33m>[39m
 [90m 173 |[39m                     [33m<[39m[33mdiv[39m className[33m=[39m[32m"flex items-start gap-3"[39m[33m>[39m[0m

Expected '</', got 's'


 GET /portfolio 500 in 108ms
 GET / 200 in 164ms
 ⨯ ./app/portfolio/page.tsx:170:111
Parsing ecmascript source code failed
[0m [90m 168 |[39m                       [33m<[39m[33mdiv[39m[33m>[39m
 [90m 169 |[39m                         [33m<[39m[33mh4[39m className[33m=[39m[32m"font-semibold text-white"[39m[33m>[39m[33mPerformance[39m[33m<[39m[33m/[39m[33mh4[39m[33m>[39m
[31m[1m>[22m[39m[90m 170 |[39m                         [33m<[39m[33mp[39m className[33m=[39m[32m"text-gray-400 text-sm"[39m[33m>[39m[33mScore[39m [33mLighthouse[39m[33m:[39m [35m98[39m[33m/[39m[35m100[39m[33m,[39m [33mTemps[39m de chargement [33m<[39m [35m1[39ms[33m<[39m[33m/[39m[33mp[39m[33m>[39m
 [90m     |[39m                                                                                                               [31m[1m^[22m[39m
 [90m 171 |[39m                       [33m<[39m[33m/[39m[33mdiv[39m[33m>[39m
 [90m 172 |[39m                     [33m<[39m[33m/[39m[33mdiv[39m[33m>[39m
 [90m 173 |[39m                     [33m<[39m[33mdiv[39m className[33m=[39m[32m"flex items-start gap-3"[39m[33m>[39m[0m

Expected '</', got 's'


 GET /portfolio 500 in 112ms
 ⨯ ./app/portfolio/page.tsx:170:111
Parsing ecmascript source code failed
[0m [90m 168 |[39m                       [33m<[39m[33mdiv[39m[33m>[39m
 [90m 169 |[39m                         [33m<[39m[33mh4[39m className[33m=[39m[32m"font-semibold text-white"[39m[33m>[39m[33mPerformance[39m[33m<[39m[33m/[39m[33mh4[39m[33m>[39m
[31m[1m>[22m[39m[90m 170 |[39m                         [33m<[39m[33mp[39m className[33m=[39m[32m"text-gray-400 text-sm"[39m[33m>[39m[33mScore[39m [33mLighthouse[39m[33m:[39m [35m98[39m[33m/[39m[35m100[39m[33m,[39m [33mTemps[39m de chargement [33m<[39m [35m1[39ms[33m<[39m[33m/[39m[33mp[39m[33m>[39m
 [90m     |[39m                                                                                                               [31m[1m^[22m[39m
 [90m 171 |[39m                       [33m<[39m[33m/[39m[33mdiv[39m[33m>[39m
 [90m 172 |[39m                     [33m<[39m[33m/[39m[33mdiv[39m[33m>[39m
 [90m 173 |[39m                     [33m<[39m[33mdiv[39m className[33m=[39m[32m"flex items-start gap-3"[39m[33m>[39m[0m

Expected '</', got 's'


 GET /portfolio 500 in 111ms
 GET / 200 in 165ms
 GET /favicon.ico?favicon.bf3c9292.ico 500 in 59ms
 GET / 200 in 152ms
 GET /favicon.ico?favicon.bf3c9292.ico 500 in 55ms
 GET /services 200 in 89ms
 ⨯ ./app/portfolio/page.tsx:170:111
Parsing ecmascript source code failed
[0m [90m 168 |[39m                       [33m<[39m[33mdiv[39m[33m>[39m
 [90m 169 |[39m                         [33m<[39m[33mh4[39m className[33m=[39m[32m"font-semibold text-white"[39m[33m>[39m[33mPerformance[39m[33m<[39m[33m/[39m[33mh4[39m[33m>[39m
[31m[1m>[22m[39m[90m 170 |[39m                         [33m<[39m[33mp[39m className[33m=[39m[32m"text-gray-400 text-sm"[39m[33m>[39m[33mScore[39m [33mLighthouse[39m[33m:[39m [35m98[39m[33m/[39m[35m100[39m[33m,[39m [33mTemps[39m de chargement [33m<[39m [35m1[39ms[33m<[39m[33m/[39m[33mp[39m[33m>[39m
 [90m     |[39m                                                                                                               [31m[1m^[22m[39m
 [90m 171 |[39m                       [33m<[39m[33m/[39m[33mdiv[39m[33m>[39m
 [90m 172 |[39m                     [33m<[39m[33m/[39m[33mdiv[39m[33m>[39m
 [90m 173 |[39m                     [33m<[39m[33mdiv[39m className[33m=[39m[32m"flex items-start gap-3"[39m[33m>[39m[0m

Expected '</', got 's'


 GET /portfolio 500 in 155ms
 ⨯ ./app/portfolio/page.tsx:170:111
Parsing ecmascript source code failed
[0m [90m 168 |[39m                       [33m<[39m[33mdiv[39m[33m>[39m
 [90m 169 |[39m                         [33m<[39m[33mh4[39m className[33m=[39m[32m"font-semibold text-white"[39m[33m>[39m[33mPerformance[39m[33m<[39m[33m/[39m[33mh4[39m[33m>[39m
[31m[1m>[22m[39m[90m 170 |[39m                         [33m<[39m[33mp[39m className[33m=[39m[32m"text-gray-400 text-sm"[39m[33m>[39m[33mScore[39m [33mLighthouse[39m[33m:[39m [35m98[39m[33m/[39m[35m100[39m[33m,[39m [33mTemps[39m de chargement [33m<[39m [35m1[39ms[33m<[39m[33m/[39m[33mp[39m[33m>[39m
 [90m     |[39m                                                                                                               [31m[1m^[22m[39m
 [90m 171 |[39m                       [33m<[39m[33m/[39m[33mdiv[39m[33m>[39m
 [90m 172 |[39m                     [33m<[39m[33m/[39m[33mdiv[39m[33m>[39m
 [90m 173 |[39m                     [33m<[39m[33mdiv[39m className[33m=[39m[32m"flex items-start gap-3"[39m[33m>[39m[0m

Expected '</', got 's'


 GET /portfolio 500 in 97ms
 GET /about 200 in 84ms
 GET /favicon.ico 500 in 55ms
 GET / 200 in 142ms
 GET /favicon.ico?favicon.bf3c9292.ico 500 in 48ms
 GET / 200 in 172ms
 GET /favicon.ico?favicon.bf3c9292.ico 500 in 84ms
 GET /contact 200 in 88ms
 GET /favicon.ico?favicon.bf3c9292.ico 500 in 64ms
 GET /favicon.ico?favicon.bf3c9292.ico 500 in 58ms
 GET / 200 in 716ms
 GET /favicon.ico?favicon.bf3c9292.ico 500 in 81ms
 GET / 200 in 223ms
 GET /favicon.ico?favicon.bf3c9292.ico 500 in 71ms
 GET / 200 in 2935ms
 GET / 200 in 3350ms
 GET /favicon.ico?favicon.bf3c9292.ico 500 in 85ms
 GET / 200 in 174ms
 GET /favicon.ico?favicon.bf3c9292.ico 500 in 66ms
 GET /services 200 in 140ms
 GET /services 200 in 107ms
 GET /services 200 in 668ms
 GET /favicon.ico?favicon.bf3c9292.ico 500 in 81ms
 GET /services 200 in 131ms
 GET /favicon.ico?favicon.bf3c9292.ico 500 in 113ms
 ⨯ ./app/portfolio/page.tsx:170:111
Parsing ecmascript source code failed
[0m [90m 168 |[39m                       [33m<[39m[33mdiv[39m[33m>[39m
 [90m 169 |[39m                         [33m<[39m[33mh4[39m className[33m=[39m[32m"font-semibold text-white"[39m[33m>[39m[33mPerformance[39m[33m<[39m[33m/[39m[33mh4[39m[33m>[39m
[31m[1m>[22m[39m[90m 170 |[39m                         [33m<[39m[33mp[39m className[33m=[39m[32m"text-gray-400 text-sm"[39m[33m>[39m[33mScore[39m [33mLighthouse[39m[33m:[39m [35m98[39m[33m/[39m[35m100[39m[33m,[39m [33mTemps[39m de chargement [33m<[39m [35m1[39ms[33m<[39m[33m/[39m[33mp[39m[33m>[39m
 [90m     |[39m                                                                                                               [31m[1m^[22m[39m
 [90m 171 |[39m                       [33m<[39m[33m/[39m[33mdiv[39m[33m>[39m
 [90m 172 |[39m                     [33m<[39m[33m/[39m[33mdiv[39m[33m>[39m
 [90m 173 |[39m                     [33m<[39m[33mdiv[39m className[33m=[39m[32m"flex items-start gap-3"[39m[33m>[39m[0m

Expected '</', got 's'


 GET /portfolio 500 in 141ms
 ⨯ ./app/portfolio/page.tsx:170:111
Parsing ecmascript source code failed
[0m [90m 168 |[39m                       [33m<[39m[33mdiv[39m[33m>[39m
 [90m 169 |[39m                         [33m<[39m[33mh4[39m className[33m=[39m[32m"font-semibold text-white"[39m[33m>[39m[33mPerformance[39m[33m<[39m[33m/[39m[33mh4[39m[33m>[39m
[31m[1m>[22m[39m[90m 170 |[39m                         [33m<[39m[33mp[39m className[33m=[39m[32m"text-gray-400 text-sm"[39m[33m>[39m[33mScore[39m [33mLighthouse[39m[33m:[39m [35m98[39m[33m/[39m[35m100[39m[33m,[39m [33mTemps[39m de chargement [33m<[39m [35m1[39ms[33m<[39m[33m/[39m[33mp[39m[33m>[39m
 [90m     |[39m                                                                                                               [31m[1m^[22m[39m
 [90m 171 |[39m                       [33m<[39m[33m/[39m[33mdiv[39m[33m>[39m
 [90m 172 |[39m                     [33m<[39m[33m/[39m[33mdiv[39m[33m>[39m
 [90m 173 |[39m                     [33m<[39m[33mdiv[39m className[33m=[39m[32m"flex items-start gap-3"[39m[33m>[39m[0m

Expected '</', got 's'


 GET /portfolio 500 in 103ms
 ⨯ ./app/portfolio/page.tsx:170:111
Parsing ecmascript source code failed
[0m [90m 168 |[39m                       [33m<[39m[33mdiv[39m[33m>[39m
 [90m 169 |[39m                         [33m<[39m[33mh4[39m className[33m=[39m[32m"font-semibold text-white"[39m[33m>[39m[33mPerformance[39m[33m<[39m[33m/[39m[33mh4[39m[33m>[39m
[31m[1m>[22m[39m[90m 170 |[39m                         [33m<[39m[33mp[39m className[33m=[39m[32m"text-gray-400 text-sm"[39m[33m>[39m[33mScore[39m [33mLighthouse[39m[33m:[39m [35m98[39m[33m/[39m[35m100[39m[33m,[39m [33mTemps[39m de chargement [33m<[39m [35m1[39ms[33m<[39m[33m/[39m[33mp[39m[33m>[39m
 [90m     |[39m                                                                                                               [31m[1m^[22m[39m
 [90m 171 |[39m                       [33m<[39m[33m/[39m[33mdiv[39m[33m>[39m
 [90m 172 |[39m                     [33m<[39m[33m/[39m[33mdiv[39m[33m>[39m
 [90m 173 |[39m                     [33m<[39m[33mdiv[39m className[33m=[39m[32m"flex items-start gap-3"[39m[33m>[39m[0m

Expected '</', got 's'


 GET /portfolio 500 in 104ms
 GET /favicon.ico 500 in 56ms
 GET /services 200 in 254ms
 GET /favicon.ico?favicon.bf3c9292.ico 500 in 61ms
 GET /contact 200 in 140ms
 GET /favicon.ico?favicon.bf3c9292.ico 500 in 86ms
 GET /contact 200 in 171ms
 GET /contact 200 in 217ms
 GET /contact 200 in 294ms
 GET / 200 in 105ms
 GET /favicon.ico?favicon.bf3c9292.ico 500 in 71ms
 GET /services 200 in 112ms
 GET /favicon.ico?favicon.bf3c9292.ico 500 in 56ms
 GET / 200 in 1519ms
 GET /favicon.ico?favicon.bf3c9292.ico 500 in 90ms
 GET / 200 in 112ms
 GET /services 200 in 109ms
 GET /favicon.ico?favicon.bf3c9292.ico 500 in 76ms
 GET /services 200 in 226ms
 GET /favicon.ico?favicon.bf3c9292.ico 500 in 80ms
 GET / 200 in 129ms
 GET /favicon.ico?favicon.bf3c9292.ico 500 in 74ms
 GET / 200 in 209ms
 GET /favicon.ico?favicon.bf3c9292.ico 500 in 70ms
 GET / 200 in 196ms
 GET /favicon.ico?favicon.bf3c9292.ico 500 in 66ms
 GET /services 200 in 118ms
 GET /favicon.ico?favicon.bf3c9292.ico 500 in 81ms
 ⨯ ./app/portfolio/page.tsx:170:111
Parsing ecmascript source code failed
[0m [90m 168 |[39m                       [33m<[39m[33mdiv[39m[33m>[39m
 [90m 169 |[39m                         [33m<[39m[33mh4[39m className[33m=[39m[32m"font-semibold text-white"[39m[33m>[39m[33mPerformance[39m[33m<[39m[33m/[39m[33mh4[39m[33m>[39m
[31m[1m>[22m[39m[90m 170 |[39m                         [33m<[39m[33mp[39m className[33m=[39m[32m"text-gray-400 text-sm"[39m[33m>[39m[33mScore[39m [33mLighthouse[39m[33m:[39m [35m98[39m[33m/[39m[35m100[39m[33m,[39m [33mTemps[39m de chargement [33m<[39m [35m1[39ms[33m<[39m[33m/[39m[33mp[39m[33m>[39m
 [90m     |[39m                                                                                                               [31m[1m^[22m[39m
 [90m 171 |[39m                       [33m<[39m[33m/[39m[33mdiv[39m[33m>[39m
 [90m 172 |[39m                     [33m<[39m[33m/[39m[33mdiv[39m[33m>[39m
 [90m 173 |[39m                     [33m<[39m[33mdiv[39m className[33m=[39m[32m"flex items-start gap-3"[39m[33m>[39m[0m

Expected '</', got 's'


 GET /portfolio 500 in 145ms
 ⨯ ./app/portfolio/page.tsx:170:111
Parsing ecmascript source code failed
[0m [90m 168 |[39m                       [33m<[39m[33mdiv[39m[33m>[39m
 [90m 169 |[39m                         [33m<[39m[33mh4[39m className[33m=[39m[32m"font-semibold text-white"[39m[33m>[39m[33mPerformance[39m[33m<[39m[33m/[39m[33mh4[39m[33m>[39m
[31m[1m>[22m[39m[90m 170 |[39m                         [33m<[39m[33mp[39m className[33m=[39m[32m"text-gray-400 text-sm"[39m[33m>[39m[33mScore[39m [33mLighthouse[39m[33m:[39m [35m98[39m[33m/[39m[35m100[39m[33m,[39m [33mTemps[39m de chargement [33m<[39m [35m1[39ms[33m<[39m[33m/[39m[33mp[39m[33m>[39m
 [90m     |[39m                                                                                                               [31m[1m^[22m[39m
 [90m 171 |[39m                       [33m<[39m[33m/[39m[33mdiv[39m[33m>[39m
 [90m 172 |[39m                     [33m<[39m[33m/[39m[33mdiv[39m[33m>[39m
 [90m 173 |[39m                     [33m<[39m[33mdiv[39m className[33m=[39m[32m"flex items-start gap-3"[39m[33m>[39m[0m

Expected '</', got 's'


 GET /portfolio 500 in 108ms
 GET /favicon.ico 500 in 65ms
 GET /services 200 in 203ms
 GET / 200 in 213ms
 GET /favicon.ico?favicon.bf3c9292.ico 500 in 72ms
 GET /services 200 in 137ms
 GET /favicon.ico?favicon.bf3c9292.ico 500 in 71ms
 GET /services 200 in 120ms
 GET /about 200 in 115ms
 GET /favicon.ico?favicon.bf3c9292.ico 500 in 57ms
 GET /contact 200 in 103ms
 GET /favicon.ico?favicon.bf3c9292.ico 500 in 60ms
 GET /favicon.ico?favicon.bf3c9292.ico 500 in 54ms
 GET /favicon.ico?favicon.bf3c9292.ico 500 in 78ms
 GET /favicon.ico?favicon.bf3c9292.ico 500 in 65ms
 GET / 200 in 385ms
 GET /about 200 in 150ms
 GET / 200 in 97ms
 ⨯ ./app/portfolio/page.tsx:170:111
Parsing ecmascript source code failed
[0m [90m 168 |[39m                       [33m<[39m[33mdiv[39m[33m>[39m
 [90m 169 |[39m                         [33m<[39m[33mh4[39m className[33m=[39m[32m"font-semibold text-white"[39m[33m>[39m[33mPerformance[39m[33m<[39m[33m/[39m[33mh4[39m[33m>[39m
[31m[1m>[22m[39m[90m 170 |[39m                         [33m<[39m[33mp[39m className[33m=[39m[32m"text-gray-400 text-sm"[39m[33m>[39m[33mScore[39m [33mLighthouse[39m[33m:[39m [35m98[39m[33m/[39m[35m100[39m[33m,[39m [33mTemps[39m de chargement [33m<[39m [35m1[39ms[33m<[39m[33m/[39m[33mp[39m[33m>[39m
 [90m     |[39m                                                                                                               [31m[1m^[22m[39m
 [90m 171 |[39m                       [33m<[39m[33m/[39m[33mdiv[39m[33m>[39m
 [90m 172 |[39m                     [33m<[39m[33m/[39m[33mdiv[39m[33m>[39m
 [90m 173 |[39m                     [33m<[39m[33mdiv[39m className[33m=[39m[32m"flex items-start gap-3"[39m[33m>[39m[0m

Expected '</', got 's'


 GET /portfolio 500 in 124ms
 ⨯ ./app/portfolio/page.tsx:170:111
Parsing ecmascript source code failed
[0m [90m 168 |[39m                       [33m<[39m[33mdiv[39m[33m>[39m
 [90m 169 |[39m                         [33m<[39m[33mh4[39m className[33m=[39m[32m"font-semibold text-white"[39m[33m>[39m[33mPerformance[39m[33m<[39m[33m/[39m[33mh4[39m[33m>[39m
[31m[1m>[22m[39m[90m 170 |[39m                         [33m<[39m[33mp[39m className[33m=[39m[32m"text-gray-400 text-sm"[39m[33m>[39m[33mScore[39m [33mLighthouse[39m[33m:[39m [35m98[39m[33m/[39m[35m100[39m[33m,[39m [33mTemps[39m de chargement [33m<[39m [35m1[39ms[33m<[39m[33m/[39m[33mp[39m[33m>[39m
 [90m     |[39m                                                                                                               [31m[1m^[22m[39m
 [90m 171 |[39m                       [33m<[39m[33m/[39m[33mdiv[39m[33m>[39m
 [90m 172 |[39m                     [33m<[39m[33m/[39m[33mdiv[39m[33m>[39m
 [90m 173 |[39m                     [33m<[39m[33mdiv[39m className[33m=[39m[32m"flex items-start gap-3"[39m[33m>[39m[0m

Expected '</', got 's'


 GET /portfolio 500 in 117ms
 GET /favicon.ico 500 in 68ms
 GET / 200 in 127ms
 ⨯ ./app/portfolio/page.tsx:170:194
Parsing ecmascript source code failed
[0m [90m 168 |[39m                       [33m<[39m[33mdiv[39m[33m>[39m
 [90m 169 |[39m                         [33m<[39m[33mh4[39m className[33m=[39m[32m"font-semibold text-white"[39m[33m>[39m[33mPerformance[39m[33m<[39m[33m/[39m[33mh4[39m[33m>[39m
[31m[1m>[22m[39m[90m 170 |[39m                         [33m<[39m[33mp[39m className[33m=[39m[32m"text-gray-400 text-sm"[39m[33m>[39m[33mScore[39m [33mLighthouse[39m[33m:[39m [35m98[39m[33m/[39m[35m100[39m[33m,[39m [33mTemps[39m de chargement [33m<[39m[33mp[39m className[33m=[39m[32m"text-gray-400 text-sm"[39m[33m>[39m[33mScore[39m [33mLighthouse[39m[33m:[39m [35m98[39m[33m/[39m[35m100[39m[33m,[39m [33mTemps[39m de chargement [33m<[39m [35m1[39ms[33m<[39m[33m/[39m[33mp[39m[33m>[39mlt[33m;[39m [35m1[39ms[33m<[39m[33m/[39m[33mp[39m[33m>[39m
 [90m     |[39m                                                                                                                                                                                                  [31m[1m^[22m[39m
 [90m 171 |[39m                       [33m<[39m[33m/[39m[33mdiv[39m[33m>[39m
 [90m 172 |[39m                     [33m<[39m[33m/[39m[33mdiv[39m[33m>[39m
 [90m 173 |[39m                     [33m<[39m[33mdiv[39m className[33m=[39m[32m"flex items-start gap-3"[39m[33m>[39m[0m

Expected '</', got 's'


 GET /portfolio 500 in 114ms
 GET /favicon.ico 500 in 63ms
 ✓ Compiled in 463ms
 ✓ Compiled /portfolio in 64ms
 GET /portfolio 200 in 784ms
 GET / 200 in 100ms
 GET /favicon.ico?favicon.bf3c9292.ico 200 in 293ms
 GET /portfolio 200 in 208ms
 GET /favicon.ico?favicon.bf3c9292.ico 200 in 336ms
 GET /services 200 in 259ms
 GET /portfolio 200 in 100ms
 GET /about 200 in 102ms
 GET /contact 200 in 95ms
 GET /portfolio 200 in 93ms
 GET /portfolio 200 in 230ms
 GET /favicon.ico?favicon.bf3c9292.ico 200 in 263ms
 GET /services 200 in 114ms
 GET / 200 in 87ms
 GET / 200 in 84ms
 GET / 200 in 100ms
 ✓ Compiled in 475ms
 ✓ Compiled in 262ms
 ✓ Compiled in 432ms
 ✓ Compiled in 943ms
